[07Jun2020 19:22:33.871] [main/INFO] [cpw.mods.modlauncher.Launcher/MODLAUNCHER]: ModLauncher running: args [--username, Steph60, --version, MultiMC5, --gameDir, C:/Users/slast/Desktop/MultiMC/instances/Valhelsia/.minecraft, --assetsDir, C:/Users/slast/Desktop/MultiMC/assets, --assetIndex, 1.15, --uuid, 7ad96b2e2ede43bfbddb782712b600bb, --accessToken, ????????, --userType, mojang, --versionType, release, --launchTarget, fmlclient, --fml.forgeVersion, 31.2.0, --fml.mcVersion, 1.15.2, --fml.forgeGroup, net.minecraftforge, --fml.mcpVersion, 20200515.085601, --width, 854, --height, 480]
[07Jun2020 19:22:33.874] [main/INFO] [cpw.mods.modlauncher.Launcher/MODLAUNCHER]: ModLauncher 5.1.0+69+master.79f13f7 starting: java version 1.8.0_251 by Oracle Corporation
[07Jun2020 19:22:34.541] [main/INFO] [net.minecraftforge.fml.loading.FixSSL/CORE]: Added Lets Encrypt root certificates as additional trust
[07Jun2020 19:22:34.566] [main/INFO] [mixin/]: SpongePowered MIXIN Subsystem Version=0.8 Source=file:/C:/Users/slast/Desktop/MultiMC/libraries/net/fabricmc/sponge-mixin/0.8+build.18/sponge-mixin-0.8+build.18.jar Service=ModLauncher Env=CLIENT
[07Jun2020 19:22:36.621] [main/INFO] [STDERR/]: [org.antlr.v4.runtime.ConsoleErrorListener:syntaxError:38]: line 13:99 token recognition error at: ';'
[07Jun2020 19:22:37.614] [main/INFO] [mixin/]: Successfully loaded Mixin Connector [snownee.fruits.mixin.Connector]
[07Jun2020 19:22:37.617] [main/INFO] [mixin/]: Successfully loaded Mixin Connector [com.performant.coremod.mixin.Connector]
[07Jun2020 19:22:37.618] [main/INFO] [mixin/]: Successfully loaded Mixin Connector [me.jellysquid.mods.phosphor.mixin.PhosphorMixinConnector]
[07Jun2020 19:22:37.622] [main/INFO] [Fruit Trees/]: Invoking Mixin Connector
[07Jun2020 19:22:37.654] [main/INFO] [cpw.mods.modlauncher.LaunchServiceHandler/MODLAUNCHER]: Launching target 'fmlclient' with arguments [--version, MultiMC5, --gameDir, C:\Users\slast\Desktop\MultiMC\instances\Valhelsia\.minecraft, --assetsDir, C:\Users\slast\Desktop\MultiMC\assets, --uuid, 7ad96b2e2ede43bfbddb782712b600bb, --username, Steph60, --assetIndex, 1.15, --accessToken, ????????, --userType, mojang, --versionType, release, --width, 854, --height, 480]
[07Jun2020 19:22:37.723] [main/INFO] [com.performant.coremod.Performant/]: Performant configs loaded
[07Jun2020 19:22:37.954] [main/INFO] [net.minecraftforge.coremod.CoreMod.immersiveengineering/COREMODLOG]: Inserted block update callback
[07Jun2020 19:22:38.025] [main/INFO] [com.performant.coremod.Performant/]: Not enabling mixin forcom.performant.coremod.mixin.world.ServerWorldMixin as config disables it.
[07Jun2020 19:22:39.228] [Render thread/INFO] [net.minecraftforge.coremod.CoreMod.immersiveengineering/COREMODLOG]: Inserted wire collision callback
[07Jun2020 19:22:39.725] [Render thread/INFO] [net.minecraftforge.coremod.CoreMod.immersiveengineering/COREMODLOG]: Inserted wire collision callback
[07Jun2020 19:22:40.511] [Render thread/INFO] [net.minecraft.client.Minecraft/]: Setting user: Steph60
[07Jun2020 19:22:41.087] [pool-3-thread-1/INFO] [net.minecraftforge.coremod.CoreMod.immersiveengineering/COREMODLOG]: Inserted block update callback
[07Jun2020 19:22:48.994] [Render thread/INFO] [net.minecraft.client.Minecraft/]: Backend library: LWJGL version 3.2.2 build 10
[07Jun2020 19:22:49.615] [Render thread/FATAL] [net.minecraftforge.fml.ModLoader/CORE]: Error during pre-loading phase
net.minecraftforge.fml.ModLoadingException: Mod §esimplylight§r requires §6minecraft§r §o1.14.4§r
§7Currently, §6minecraft§r§7 is §o1.15.2
	at net.minecraftforge.fml.ModLoadingException.lambda$fromEarlyException$0(ModLoadingException.java:63) ~[?:?]
	at java.util.stream.ReferencePipeline$3$1.accept(Unknown Source) ~[?:1.8.0_251]
	at java.util.ArrayList$ArrayListSpliterator.forEachRemaining(Unknown Source) ~[?:1.8.0_251]
	at java.util.stream.AbstractPipeline.copyInto(Unknown Source) ~[?:1.8.0_251]
	at java.util.stream.AbstractPipeline.wrapAndCopyInto(Unknown Source) ~[?:1.8.0_251]
	at java.util.stream.ForEachOps$ForEachOp.evaluateSequential(Unknown Source) ~[?:1.8.0_251]
	at java.util.stream.ForEachOps$ForEachOp$OfRef.evaluateSequential(Unknown Source) ~[?:1.8.0_251]
	at java.util.stream.AbstractPipeline.evaluate(Unknown Source) ~[?:1.8.0_251]
	at java.util.stream.ReferencePipeline.forEach(Unknown Source) ~[?:1.8.0_251]
	at java.util.stream.ReferencePipeline$7$1.accept(Unknown Source) ~[?:1.8.0_251]
	at java.util.ArrayList$ArrayListSpliterator.forEachRemaining(Unknown Source) ~[?:1.8.0_251]
	at java.util.stream.AbstractPipeline.copyInto(Unknown Source) ~[?:1.8.0_251]
	at java.util.stream.AbstractPipeline.wrapAndCopyInto(Unknown Source) ~[?:1.8.0_251]
	at java.util.stream.ReduceOps$ReduceOp.evaluateSequential(Unknown Source) ~[?:1.8.0_251]
	at java.util.stream.AbstractPipeline.evaluate(Unknown Source) ~[?:1.8.0_251]
	at java.util.stream.ReferencePipeline.collect(Unknown Source) ~[?:1.8.0_251]
	at net.minecraftforge.fml.ModLoader.<init>(ModLoader.java:118) ~[?:?]
	at net.minecraftforge.fml.ModLoader.get(ModLoader.java:147) ~[?:?]
	at net.minecraftforge.fml.client.ClientModLoader.lambda$begin$2(ClientModLoader.java:97) ~[?:?]
	at net.minecraftforge.fml.client.ClientModLoader.lambda$createRunnableWithCatch$5(ClientModLoader.java:113) ~[?:?]
	at net.minecraftforge.fml.client.ClientModLoader.begin(ClientModLoader.java:97) ~[?:?]
	at net.minecraft.client.Minecraft.<init>(Minecraft.java:392) ~[?:?]
	at net.minecraft.client.main.Main.main(SourceFile:166) ~[minecraft-1.15.2-client.jar:?]
	at sun.reflect.NativeMethodAccessorImpl.invoke0(Native Method) ~[?:1.8.0_251]
	at sun.reflect.NativeMethodAccessorImpl.invoke(Unknown Source) ~[?:1.8.0_251]
	at sun.reflect.DelegatingMethodAccessorImpl.invoke(Unknown Source) ~[?:1.8.0_251]
	at java.lang.reflect.Method.invoke(Unknown Source) ~[?:1.8.0_251]
	at net.minecraftforge.fml.loading.FMLClientLaunchProvider.lambda$launchService$0(FMLClientLaunchProvider.java:56) ~[forge-1.15.2-31.2.0-launcher.jar:31.2]
	at cpw.mods.modlauncher.LaunchServiceHandlerDecorator.launch(LaunchServiceHandlerDecorator.java:37) [modlauncher-5.1.0.jar:?]
	at cpw.mods.modlauncher.LaunchServiceHandler.launch(LaunchServiceHandler.java:54) [modlauncher-5.1.0.jar:?]
	at cpw.mods.modlauncher.LaunchServiceHandler.launch(LaunchServiceHandler.java:72) [modlauncher-5.1.0.jar:?]
	at cpw.mods.modlauncher.Launcher.run(Launcher.java:81) [modlauncher-5.1.0.jar:?]
	at cpw.mods.modlauncher.Launcher.main(Launcher.java:65) [modlauncher-5.1.0.jar:?]
	at io.github.zekerzhayard.forgewrapper.installer.Main.main(Main.java:39) [ForgeWrapper-1.4.1.jar:?]
	at sun.reflect.NativeMethodAccessorImpl.invoke0(Native Method) ~[?:1.8.0_251]
	at sun.reflect.NativeMethodAccessorImpl.invoke(Unknown Source) ~[?:1.8.0_251]
	at sun.reflect.DelegatingMethodAccessorImpl.invoke(Unknown Source) ~[?:1.8.0_251]
	at java.lang.reflect.Method.invoke(Unknown Source) ~[?:1.8.0_251]
	at org.multimc.onesix.OneSixLauncher.launchWithMainClass(OneSixLauncher.java:196) [NewLaunch.jar:?]
	at org.multimc.onesix.OneSixLauncher.launch(OneSixLauncher.java:231) [NewLaunch.jar:?]
	at org.multimc.EntryPoint.listen(EntryPoint.java:143) [NewLaunch.jar:?]
	at org.multimc.EntryPoint.main(EntryPoint.java:34) [NewLaunch.jar:?]
[07Jun2020 19:22:49.626] [Render thread/FATAL] [net.minecraftforge.eventbus.EventBus/EVENTBUS]: EventBus 0 shutting down - future events will not be posted.
java.lang.Exception: stacktrace
	at net.minecraftforge.eventbus.EventBus.shutdown(EventBus.java:278) ~[eventbus-2.2.0-service.jar:?]
	at net.minecraftforge.fml.client.ClientModLoader.lambda$createRunnableWithCatch$5(ClientModLoader.java:115) ~[?:?]
	at net.minecraftforge.fml.client.ClientModLoader.begin(ClientModLoader.java:97) ~[?:?]
	at net.minecraft.client.Minecraft.<init>(Minecraft.java:392) ~[?:?]
	at net.minecraft.client.main.Main.main(SourceFile:166) ~[minecraft-1.15.2-client.jar:?]
	at sun.reflect.NativeMethodAccessorImpl.invoke0(Native Method) ~[?:1.8.0_251]
	at sun.reflect.NativeMethodAccessorImpl.invoke(Unknown Source) ~[?:1.8.0_251]
	at sun.reflect.DelegatingMethodAccessorImpl.invoke(Unknown Source) ~[?:1.8.0_251]
	at java.lang.reflect.Method.invoke(Unknown Source) ~[?:1.8.0_251]
	at net.minecraftforge.fml.loading.FMLClientLaunchProvider.lambda$launchService$0(FMLClientLaunchProvider.java:56) ~[forge-1.15.2-31.2.0-launcher.jar:31.2]
	at cpw.mods.modlauncher.LaunchServiceHandlerDecorator.launch(LaunchServiceHandlerDecorator.java:37) [modlauncher-5.1.0.jar:?]
	at cpw.mods.modlauncher.LaunchServiceHandler.launch(LaunchServiceHandler.java:54) [modlauncher-5.1.0.jar:?]
	at cpw.mods.modlauncher.LaunchServiceHandler.launch(LaunchServiceHandler.java:72) [modlauncher-5.1.0.jar:?]
	at cpw.mods.modlauncher.Launcher.run(Launcher.java:81) [modlauncher-5.1.0.jar:?]
	at cpw.mods.modlauncher.Launcher.main(Launcher.java:65) [modlauncher-5.1.0.jar:?]
	at io.github.zekerzhayard.forgewrapper.installer.Main.main(Main.java:39) [ForgeWrapper-1.4.1.jar:?]
	at sun.reflect.NativeMethodAccessorImpl.invoke0(Native Method) ~[?:1.8.0_251]
	at sun.reflect.NativeMethodAccessorImpl.invoke(Unknown Source) ~[?:1.8.0_251]
	at sun.reflect.DelegatingMethodAccessorImpl.invoke(Unknown Source) ~[?:1.8.0_251]
	at java.lang.reflect.Method.invoke(Unknown Source) ~[?:1.8.0_251]
	at org.multimc.onesix.OneSixLauncher.launchWithMainClass(OneSixLauncher.java:196) [NewLaunch.jar:?]
	at org.multimc.onesix.OneSixLauncher.launch(OneSixLauncher.java:231) [NewLaunch.jar:?]
	at org.multimc.EntryPoint.listen(EntryPoint.java:143) [NewLaunch.jar:?]
	at org.multimc.EntryPoint.main(EntryPoint.java:34) [NewLaunch.jar:?]
[07Jun2020 19:22:50.067] [Render thread/INFO] [net.minecraftforge.coremod.CoreMod.immersiveengineering/COREMODLOG]: Inserted arm angle callback
[07Jun2020 19:22:50.757] [Render thread/INFO] [com.mojang.text2speech.NarratorWindows/]: Narrator library for x64 successfully loaded
[07Jun2020 19:22:50.818] [Render thread/INFO] [net.minecraftforge.registries.GameData/]: Potentially Dangerous alternative prefix `solarflux` for name `solar_panel`, expected `minecraft`. This could be a intended override, but in most cases indicates a broken mod.
[07Jun2020 19:22:50.824] [Render thread/INFO] [net.minecraft.resources.SimpleReloadableResourceManager/]: Reloading ResourceManager: Default, Mod Resources
[07Jun2020 19:22:50.845] [Server-Worker-6/ERROR] [net.minecraftforge.fml.ModLoader/LOADING]: Skipping lifecycle event SETUP, 1 errors found.
[07Jun2020 19:22:50.845] [Server-Worker-6/FATAL] [net.minecraftforge.fml.ModLoader/LOADING]: Failed to complete lifecycle event SETUP, 1 errors found
[07Jun2020 19:22:50.845] [Server-Worker-6/FATAL] [net.minecraftforge.eventbus.EventBus/EVENTBUS]: EventBus 0 shutting down - future events will not be posted.
java.lang.Exception: stacktrace
	at net.minecraftforge.eventbus.EventBus.shutdown(EventBus.java:278) ~[eventbus-2.2.0-service.jar:?]
	at net.minecraftforge.fml.client.ClientModLoader.lambda$createRunnableWithCatch$5(ClientModLoader.java:115) ~[?:?]
	at net.minecraftforge.fml.client.ClientModLoader.startModLoading(ClientModLoader.java:123) ~[?:?]
	at net.minecraftforge.fml.client.ClientModLoader.lambda$onreload$3(ClientModLoader.java:105) ~[?:?]
	at net.minecraftforge.fml.client.ClientModLoader.lambda$createRunnableWithCatch$5(ClientModLoader.java:113) ~[?:?]
	at java.util.concurrent.CompletableFuture$AsyncRun.run(Unknown Source) [?:1.8.0_251]
	at java.util.concurrent.CompletableFuture$AsyncRun.exec(Unknown Source) [?:1.8.0_251]
	at java.util.concurrent.ForkJoinTask.doExec(Unknown Source) [?:1.8.0_251]
	at java.util.concurrent.ForkJoinPool$WorkQueue.runTask(Unknown Source) [?:1.8.0_251]
	at java.util.concurrent.ForkJoinPool.runWorker(Unknown Source) [?:1.8.0_251]
	at java.util.concurrent.ForkJoinWorkerThread.run(Unknown Source) [?:1.8.0_251]
[07Jun2020 19:23:01.916] [Server-Worker-3/WARN] [net.minecraft.client.audio.SoundHandler/]: File endergetic:sounds/entity/puffbug/puffbug_hurt_1.ogg does not exist, cannot add it to event endergetic:entity.puffbug.hurt
[07Jun2020 19:23:06.010] [Server-Worker-5/ERROR] [net.minecraftforge.fml.ModLoader/LOADING]: Skipping lifecycle event ENQUEUE_IMC, 1 errors found.
[07Jun2020 19:23:06.010] [Server-Worker-5/FATAL] [net.minecraftforge.fml.ModLoader/LOADING]: Failed to complete lifecycle event ENQUEUE_IMC, 1 errors found
[07Jun2020 19:23:06.011] [Server-Worker-5/FATAL] [net.minecraftforge.eventbus.EventBus/EVENTBUS]: EventBus 0 shutting down - future events will not be posted.
java.lang.Exception: stacktrace
	at net.minecraftforge.eventbus.EventBus.shutdown(EventBus.java:278) ~[eventbus-2.2.0-service.jar:?]
	at net.minecraftforge.fml.client.ClientModLoader.lambda$createRunnableWithCatch$5(ClientModLoader.java:115) ~[?:?]
	at net.minecraftforge.fml.client.ClientModLoader.finishModLoading(ClientModLoader.java:137) ~[?:?]
	at net.minecraftforge.fml.client.ClientModLoader.lambda$onreload$4(ClientModLoader.java:107) ~[?:?]
	at java.util.concurrent.CompletableFuture.uniRun(Unknown Source) [?:1.8.0_251]
	at java.util.concurrent.CompletableFuture$UniRun.tryFire(Unknown Source) [?:1.8.0_251]
	at java.util.concurrent.CompletableFuture$Completion.exec(Unknown Source) [?:1.8.0_251]
	at java.util.concurrent.ForkJoinTask.doExec(Unknown Source) [?:1.8.0_251]
	at java.util.concurrent.ForkJoinPool$WorkQueue.runTask(Unknown Source) [?:1.8.0_251]
	at java.util.concurrent.ForkJoinPool.runWorker(Unknown Source) [?:1.8.0_251]
	at java.util.concurrent.ForkJoinWorkerThread.run(Unknown Source) [?:1.8.0_251]
[07Jun2020 19:23:14.966] [Render thread/INFO] [net.minecraft.client.audio.SoundSystem/]: OpenAL initialized.
[07Jun2020 19:23:14.967] [Render thread/INFO] [net.minecraft.client.audio.SoundEngine/SOUNDS]: Sound engine started
[07Jun2020 19:23:15.329] [Render thread/INFO] [net.minecraft.client.renderer.texture.AtlasTexture/]: Created: 1024x512x4 minecraft:textures/atlas/blocks.png-atlas
[07Jun2020 19:23:15.392] [Render thread/INFO] [net.minecraft.client.renderer.texture.AtlasTexture/]: Created: 128x128x4 minecraft:textures/atlas/signs.png-atlas
[07Jun2020 19:23:15.392] [Render thread/INFO] [net.minecraft.client.renderer.texture.AtlasTexture/]: Created: 512x512x4 minecraft:textures/atlas/banner_patterns.png-atlas
[07Jun2020 19:23:15.393] [Render thread/INFO] [net.minecraft.client.renderer.texture.AtlasTexture/]: Created: 512x512x4 minecraft:textures/atlas/shield_patterns.png-atlas
[07Jun2020 19:23:15.393] [Render thread/INFO] [net.minecraft.client.renderer.texture.AtlasTexture/]: Created: 256x256x4 minecraft:textures/atlas/chest.png-atlas
[07Jun2020 19:23:15.393] [Render thread/INFO] [net.minecraft.client.renderer.texture.AtlasTexture/]: Created: 512x256x4 minecraft:textures/atlas/beds.png-atlas
[07Jun2020 19:23:15.394] [Render thread/INFO] [net.minecraft.client.renderer.texture.AtlasTexture/]: Created: 512x256x4 minecraft:textures/atlas/shulker_boxes.png-atlas
[07Jun2020 19:23:15.850] [Render thread/INFO] [net.minecraft.client.renderer.texture.AtlasTexture/]: Created: 256x256x0 minecraft:textures/atlas/particles.png-atlas
[07Jun2020 19:23:15.851] [Render thread/INFO] [net.minecraft.client.renderer.texture.AtlasTexture/]: Created: 256x256x0 minecraft:textures/atlas/paintings.png-atlas
[07Jun2020 19:23:15.851] [Render thread/INFO] [net.minecraft.client.renderer.texture.AtlasTexture/]: Created: 128x128x0 minecraft:textures/atlas/mob_effects.png-atlas
[07Jun2020 19:24:31.195] [Render thread/INFO] [net.minecraft.client.Minecraft/]: Stopping!
